#! /opt/homebrew/Cellar/icarus-verilog/12.0/bin/vvp
:ivl_version "12.0 (stable)";
:ivl_delay_selection "TYPICAL";
:vpi_time_precision - 12;
:vpi_module "/opt/homebrew/Cellar/icarus-verilog/12.0/lib/ivl/system.vpi";
:vpi_module "/opt/homebrew/Cellar/icarus-verilog/12.0/lib/ivl/vhdl_sys.vpi";
:vpi_module "/opt/homebrew/Cellar/icarus-verilog/12.0/lib/ivl/vhdl_textio.vpi";
:vpi_module "/opt/homebrew/Cellar/icarus-verilog/12.0/lib/ivl/v2005_math.vpi";
:vpi_module "/opt/homebrew/Cellar/icarus-verilog/12.0/lib/ivl/va_math.vpi";
:vpi_module "/opt/homebrew/Cellar/icarus-verilog/12.0/lib/ivl/v2009.vpi";
S_0x14de240c0 .scope package, "$unit" "$unit" 2 1;
 .timescale 0 0;
S_0x14de25450 .scope module, "video_controller_tb" "video_controller_tb" 3 4;
 .timescale -9 -12;
v0x60000067c480_0 .net "active_draw", 0 0, L_0x600000571220;  1 drivers
v0x60000067c510_0 .net "blue", 7 0, v0x6000006759e0_0;  1 drivers
v0x60000067c5a0_0 .net "green", 7 0, v0x600000675d40_0;  1 drivers
v0x60000067c630_0 .net "hsync", 0 0, L_0x600000571180;  1 drivers
v0x60000067c6c0_0 .net "new_frame", 0 0, L_0x6000005712c0;  1 drivers
v0x60000067c750_0 .var "pixel_clk_in", 0 0;
v0x60000067c7e0_0 .net "red", 7 0, v0x600000675ef0_0;  1 drivers
v0x60000067c870_0 .var "rst_in", 0 0;
v0x60000067c900_0 .net "vsync", 0 0, L_0x6000005710e0;  1 drivers
S_0x14de255c0 .scope module, "uut" "video_controller" 3 11, 4 10 0, S_0x14de25450;
 .timescale -9 -12;
    .port_info 0 /INPUT 1 "clk_hdmi_in";
    .port_info 1 /INPUT 1 "rst_in";
    .port_info 2 /OUTPUT 1 "vsync_out";
    .port_info 3 /OUTPUT 1 "hsync_out";
    .port_info 4 /OUTPUT 1 "active_draw_out";
    .port_info 5 /OUTPUT 1 "new_frame_out";
    .port_info 6 /OUTPUT 8 "red_out";
    .port_info 7 /OUTPUT 8 "green_out";
    .port_info 8 /OUTPUT 8 "blue_out";
P_0x600001a78a80 .param/str "FONT_INIT_FILE" 0 4 12, "data/font.mem";
P_0x600001a78ac0 .param/str "TEXT_INIT_FILE" 0 4 11, "data/text.mem";
v0x60000067b600_0 .net "active_draw", 0 0, L_0x600000570640;  1 drivers
v0x60000067b690_0 .net "active_draw_out", 0 0, L_0x600000571220;  alias, 1 drivers
v0x60000067b720_0 .net "blue_out", 7 0, v0x6000006759e0_0;  alias, 1 drivers
v0x60000067b7b0_0 .net "clk_hdmi_in", 0 0, v0x60000067c750_0;  1 drivers
v0x60000067b840_0 .net "frame_count", 5 0, L_0x600001f7cee0;  1 drivers
v0x60000067b8d0_0 .net "green_out", 7 0, v0x600000675d40_0;  alias, 1 drivers
v0x60000067b960_0 .net "hcount", 10 0, v0x60000067b210_0;  1 drivers
v0x60000067b9f0_0 .net "hsync_out", 0 0, L_0x600000571180;  alias, 1 drivers
v0x60000067ba80_0 .net "mfb_attribute", 7 0, L_0x600000571fe0;  1 drivers
v0x60000067bb10_0 .net "mfb_pixel", 0 0, L_0x600000571e00;  1 drivers
v0x60000067bba0_0 .net "mfb_valid", 0 0, L_0x600000571f40;  1 drivers
v0x60000067bc30_0 .net "mvb_attribute", 7 0, L_0x600000571400;  1 drivers
v0x60000067bcc0_0 .net "mvb_code_point", 7 0, L_0x600000571360;  1 drivers
v0x60000067bd50_0 .net "mvb_valid", 0 0, L_0x600000571c20;  1 drivers
v0x60000067bde0_0 .net "mvb_x", 2 0, L_0x600000571ae0;  1 drivers
v0x60000067be70_0 .net "mvb_y", 3 0, L_0x600000571b80;  1 drivers
v0x60000067bf00_0 .net "new_frame_out", 0 0, L_0x6000005712c0;  alias, 1 drivers
v0x60000067c000_0 .net "red_out", 7 0, v0x600000675ef0_0;  alias, 1 drivers
v0x60000067c090_0 .net "rst_in", 0 0, v0x60000067c870_0;  1 drivers
v0x60000067c120_0 .net "vcount", 9 0, v0x60000067b4e0_0;  1 drivers
v0x60000067c1b0_0 .net "vsg_frame_count", 5 0, v0x60000067b180_0;  1 drivers
v0x60000067c240_0 .net "vsg_hsync", 0 0, L_0x600000570be0;  1 drivers
v0x60000067c2d0_0 .net "vsg_new_frame", 0 0, L_0x600000570fa0;  1 drivers
v0x60000067c360_0 .net "vsg_vsync", 0 0, L_0x600000570780;  1 drivers
v0x60000067c3f0_0 .net "vsync_out", 0 0, L_0x6000005710e0;  alias, 1 drivers
L_0x600000571040 .concat [ 1 1 1 1], L_0x600000570fa0, L_0x600000570640, L_0x600000570be0, L_0x600000570780;
v0x600000679710_4 .array/port v0x600000679710, 4;
L_0x6000005710e0 .part v0x600000679710_4, 3, 1;
L_0x600000571180 .part v0x600000679710_4, 2, 1;
L_0x600000571220 .part v0x600000679710_4, 1, 1;
L_0x6000005712c0 .part v0x600000679710_4, 0, 1;
S_0x14de0bfc0 .scope module, "frame_counter_pipeline" "pipeline" 4 57, 5 4 0, S_0x14de255c0;
 .timescale -9 -12;
    .port_info 0 /INPUT 1 "clk_in";
    .port_info 1 /INPUT 1 "rst_in";
    .port_info 2 /INPUT 6 "signal_in";
    .port_info 3 /OUTPUT 6 "signal_out";
P_0x600001a78b80 .param/l "PIPELINE_STAGES" 0 5 6, +C4<00000000000000000000000000000100>;
P_0x600001a78bc0 .param/l "PIPELINE_WIDTH" 0 5 7, +C4<00000000000000000000000000000110>;
v0x600000674fc0_3 .array/port v0x600000674fc0, 3;
L_0x600001f7cee0 .functor BUFZ 6, v0x600000674fc0_3, C4<000000>, C4<000000>, C4<000000>;
v0x600000674d80_0 .net "clk_in", 0 0, v0x60000067c750_0;  alias, 1 drivers
v0x600000674e10_0 .net "rst_in", 0 0, v0x60000067c870_0;  alias, 1 drivers
v0x600000674ea0_0 .net "signal_in", 5 0, v0x60000067b180_0;  alias, 1 drivers
v0x600000674f30_0 .net "signal_out", 5 0, L_0x600001f7cee0;  alias, 1 drivers
v0x600000674fc0 .array "signal_pipe", 0 3, 5 0;
E_0x600002164640 .event posedge, v0x600000674d80_0;
S_0x14de0c130 .scope begin, "$ivl_for_loop0" "$ivl_for_loop0" 5 20, 5 20 0, S_0x14de0bfc0;
 .timescale -9 -12;
v0x600000674c60_0 .var/2s "i", 31 0;
S_0x14de0af20 .scope begin, "$ivl_for_loop1" "$ivl_for_loop1" 5 25, 5 25 0, S_0x14de0bfc0;
 .timescale -9 -12;
v0x600000674cf0_0 .var/2s "i", 31 0;
S_0x14de0b090 .scope module, "mab" "attribute_brom" 4 102, 6 4 0, S_0x14de255c0;
 .timescale -9 -12;
    .port_info 0 /INPUT 1 "clk_hdmi_in";
    .port_info 1 /INPUT 1 "rst_in";
    .port_info 2 /INPUT 1 "pixel_in";
    .port_info 3 /INPUT 1 "valid_in";
    .port_info 4 /INPUT 8 "attribute_in";
    .port_info 5 /INPUT 6 "frame_count_in";
    .port_info 6 /OUTPUT 8 "red_out";
    .port_info 7 /OUTPUT 8 "green_out";
    .port_info 8 /OUTPUT 8 "blue_out";
L_0x140078b08 .functor BUFT 1, C4<0>, C4<0>, C4<0>, C4<0>;
v0x6000006755f0_0 .net/2u *"_ivl_2", 0 0, L_0x140078b08;  1 drivers
v0x600000675680_0 .net *"_ivl_5", 2 0, L_0x600000572120;  1 drivers
v0x600000675710_0 .net "attribute_in", 7 0, L_0x600000571fe0;  alias, 1 drivers
v0x6000006757a0_0 .net "bg_blue", 7 0, v0x600000675050_0;  1 drivers
v0x600000675830_0 .net "bg_green", 7 0, v0x600000675200_0;  1 drivers
v0x6000006758c0_0 .net "bg_red", 7 0, v0x600000675290_0;  1 drivers
v0x600000675950_0 .var "blink", 0 0;
v0x6000006759e0_0 .var "blue_out", 7 0;
v0x600000675a70_0 .net "clk_hdmi_in", 0 0, v0x60000067c750_0;  alias, 1 drivers
v0x600000675b00_0 .net "fg_blue", 7 0, v0x600000675320_0;  1 drivers
v0x600000675b90_0 .net "fg_green", 7 0, v0x6000006754d0_0;  1 drivers
v0x600000675c20_0 .net "fg_red", 7 0, v0x600000675560_0;  1 drivers
v0x600000675cb0_0 .net "frame_count_in", 5 0, L_0x600001f7cee0;  alias, 1 drivers
v0x600000675d40_0 .var "green_out", 7 0;
v0x600000675dd0_0 .var "pixel", 0 0;
v0x600000675e60_0 .net "pixel_in", 0 0, L_0x600000571e00;  alias, 1 drivers
v0x600000675ef0_0 .var "red_out", 7 0;
v0x600000675f80_0 .net "rst_in", 0 0, v0x60000067c870_0;  alias, 1 drivers
v0x600000676010_0 .var "valid", 0 0;
v0x6000006760a0_0 .net "valid_in", 0 0, L_0x600000571f40;  alias, 1 drivers
E_0x6000021646c0/0 .event anyedge, v0x600000676010_0, v0x600000675dd0_0, v0x600000675950_0, v0x600000675560_0;
E_0x6000021646c0/1 .event anyedge, v0x6000006754d0_0, v0x600000675320_0, v0x600000675290_0, v0x600000675200_0;
E_0x6000021646c0/2 .event anyedge, v0x600000675050_0;
E_0x6000021646c0 .event/or E_0x6000021646c0/0, E_0x6000021646c0/1, E_0x6000021646c0/2;
L_0x600000572080 .part L_0x600000571fe0, 0, 4;
L_0x600000572120 .part L_0x600000571fe0, 4, 3;
L_0x6000005721c0 .concat [ 3 1 0 0], L_0x600000572120, L_0x140078b08;
S_0x14de089b0 .scope module, "bg_lut" "palette_lut" 6 49, 6 58 0, S_0x14de0b090;
 .timescale -9 -12;
    .port_info 0 /INPUT 1 "clk_in";
    .port_info 1 /INPUT 4 "entry_in";
    .port_info 2 /OUTPUT 8 "red_out";
    .port_info 3 /OUTPUT 8 "green_out";
    .port_info 4 /OUTPUT 8 "blue_out";
v0x600000675050_0 .var "blue_out", 7 0;
v0x6000006750e0_0 .net "clk_in", 0 0, v0x60000067c750_0;  alias, 1 drivers
v0x600000675170_0 .net "entry_in", 3 0, L_0x6000005721c0;  1 drivers
v0x600000675200_0 .var "green_out", 7 0;
v0x600000675290_0 .var "red_out", 7 0;
S_0x14de08b20 .scope module, "fg_lut" "palette_lut" 6 41, 6 58 0, S_0x14de0b090;
 .timescale -9 -12;
    .port_info 0 /INPUT 1 "clk_in";
    .port_info 1 /INPUT 4 "entry_in";
    .port_info 2 /OUTPUT 8 "red_out";
    .port_info 3 /OUTPUT 8 "green_out";
    .port_info 4 /OUTPUT 8 "blue_out";
v0x600000675320_0 .var "blue_out", 7 0;
v0x6000006753b0_0 .net "clk_in", 0 0, v0x60000067c750_0;  alias, 1 drivers
v0x600000675440_0 .net "entry_in", 3 0, L_0x600000572080;  1 drivers
v0x6000006754d0_0 .var "green_out", 7 0;
v0x600000675560_0 .var "red_out", 7 0;
S_0x14de060a0 .scope module, "mfb" "font_brom" 4 89, 7 4 0, S_0x14de255c0;
 .timescale -9 -12;
    .port_info 0 /INPUT 1 "clk_hdmi_in";
    .port_info 1 /INPUT 1 "rst_in";
    .port_info 2 /INPUT 1 "valid_in";
    .port_info 3 /INPUT 3 "x_in";
    .port_info 4 /INPUT 4 "y_in";
    .port_info 5 /INPUT 8 "code_point_in";
    .port_info 6 /INPUT 8 "attribute_in";
    .port_info 7 /OUTPUT 8 "attribute_out";
    .port_info 8 /OUTPUT 1 "pixel_out";
    .port_info 9 /OUTPUT 1 "valid_out";
P_0x6000021647c0 .param/str "FONT_INIT_FILE" 0 7 5, "data/font.mem";
v0x600000676c70_0 .net *"_ivl_0", 6 0, L_0x600000571cc0;  1 drivers
v0x600000676d00_0 .net *"_ivl_3", 0 0, L_0x600000571d60;  1 drivers
L_0x1400789a0 .functor BUFT 1, C4<0>, C4<0>, C4<0>, C4<0>;
v0x600000676d90_0 .net/2u *"_ivl_4", 0 0, L_0x1400789a0;  1 drivers
v0x600000676e20_0 .net "attribute_in", 7 0, L_0x600000571400;  alias, 1 drivers
v0x600000676eb0_0 .net "attribute_out", 7 0, L_0x600000571fe0;  alias, 1 drivers
v0x600000676f40_0 .net "character_data", 127 0, v0x600000676250_0;  1 drivers
v0x600000676fd0_0 .net "clk_hdmi_in", 0 0, v0x60000067c750_0;  alias, 1 drivers
v0x600000677060_0 .net "code_point_in", 7 0, L_0x600000571360;  alias, 1 drivers
v0x6000006770f0_0 .net "pixel_out", 0 0, L_0x600000571e00;  alias, 1 drivers
v0x600000677180_0 .net "rst_in", 0 0, v0x60000067c870_0;  alias, 1 drivers
v0x600000677210_0 .net "valid_in", 0 0, L_0x600000571c20;  alias, 1 drivers
v0x6000006772a0_0 .net "valid_out", 0 0, L_0x600000571f40;  alias, 1 drivers
v0x600000677330_0 .net "x_in", 2 0, L_0x600000571ae0;  alias, 1 drivers
v0x6000006773c0_0 .net "y_in", 3 0, L_0x600000571b80;  alias, 1 drivers
L_0x600000571cc0 .concat [ 3 4 0 0], L_0x600000571ae0, L_0x600000571b80;
L_0x600000571d60 .part/v v0x600000676250_0, L_0x600000571cc0, 1;
L_0x600000571e00 .functor MUXZ 1, L_0x1400789a0, L_0x600000571d60, L_0x600000571f40, C4<>;
L_0x600000571ea0 .concat [ 8 1 0 0], L_0x600000571400, L_0x600000571c20;
v0x600000676be0_1 .array/port v0x600000676be0, 1;
L_0x600000571f40 .part v0x600000676be0_1, 8, 1;
L_0x600000571fe0 .part v0x600000676be0_1, 0, 8;
S_0x14de06210 .scope module, "brom" "xilinx_single_port_ram_read_first" 7 38, 8 10 0, S_0x14de060a0;
 .timescale -9 -12;
    .port_info 0 /INPUT 8 "addra";
    .port_info 1 /INPUT 128 "dina";
    .port_info 2 /INPUT 1 "clka";
    .port_info 3 /INPUT 1 "wea";
    .port_info 4 /INPUT 1 "ena";
    .port_info 5 /INPUT 1 "rsta";
    .port_info 6 /INPUT 1 "regcea";
    .port_info 7 /OUTPUT 128 "douta";
P_0x600000874300 .param/str "INIT_FILE" 0 8 14, "data/font.mem";
P_0x600000874340 .param/l "RAM_DEPTH" 0 8 12, +C4<00000000000000000000000100000000>;
P_0x600000874380 .param/str "RAM_PERFORMANCE" 0 8 13, "HIGH_PERFORMANCE";
P_0x6000008743c0 .param/l "RAM_WIDTH" 0 8 11, +C4<00000000000000000000000010000000>;
v0x6000006762e0 .array "BRAM", 0 255, 127 0;
v0x600000676370_0 .net "addra", 7 0, L_0x600000571360;  alias, 1 drivers
v0x600000676400_0 .net "clka", 0 0, v0x60000067c750_0;  alias, 1 drivers
L_0x1400789e8 .functor BUFT 1, C4<00000000000000000000000000000000000000000000000000000000000000000000000000000000000000000000000000000000000000000000000000000000>, C4<0>, C4<0>, C4<0>;
v0x600000676490_0 .net "dina", 127 0, L_0x1400789e8;  1 drivers
v0x600000676520_0 .net "douta", 127 0, v0x600000676250_0;  alias, 1 drivers
L_0x140078a78 .functor BUFT 1, C4<1>, C4<0>, C4<0>, C4<0>;
v0x6000006765b0_0 .net "ena", 0 0, L_0x140078a78;  1 drivers
v0x600000676640_0 .var "ram_data", 127 0;
L_0x140078ac0 .functor BUFT 1, C4<1>, C4<0>, C4<0>, C4<0>;
v0x6000006766d0_0 .net "regcea", 0 0, L_0x140078ac0;  1 drivers
v0x600000676760_0 .net "rsta", 0 0, v0x60000067c870_0;  alias, 1 drivers
L_0x140078a30 .functor BUFT 1, C4<0>, C4<0>, C4<0>, C4<0>;
v0x6000006767f0_0 .net "wea", 0 0, L_0x140078a30;  1 drivers
S_0x14de084a0 .scope function.vec4.u32, "clogb2" "clogb2" 8 74, 8 74 0, S_0x14de06210;
 .timescale -9 -12;
; Variable clogb2 is vec4 return value of scope S_0x14de084a0
v0x6000006761c0_0 .var/i "depth", 31 0;
TD_video_controller_tb.uut.mfb.brom.clogb2 ;
    %pushi/vec4 0, 0, 32;
    %ret/vec4 0, 0, 32;  Assign to clogb2 (store_vec4_to_lval)
T_0.0 ;
    %load/vec4 v0x6000006761c0_0;
    %cmpi/s 0, 0, 32;
    %flag_or 5, 4; GT is !LE
    %flag_inv 5;
    %jmp/0xz T_0.1, 5;
    %load/vec4 v0x6000006761c0_0;
    %ix/load 4, 1, 0;
    %flag_set/imm 4, 0;
    %shiftr 4;
    %store/vec4 v0x6000006761c0_0, 0, 32;
    %retload/vec4 0; Load clogb2 (draw_signal_vec4)
    %addi 1, 0, 32;
    %ret/vec4 0, 0, 32;  Assign to clogb2 (store_vec4_to_lval)
    %jmp T_0.0;
T_0.1 ;
    %end;
S_0x14de08610 .scope generate, "output_register" "output_register" 8 51, 8 51 0, S_0x14de06210;
 .timescale -9 -12;
v0x600000676250_0 .var "douta_reg", 127 0;
S_0x14de04c20 .scope generate, "use_init_file" "use_init_file" 8 31, 8 31 0, S_0x14de06210;
 .timescale -9 -12;
S_0x14de04d90 .scope module, "control_signal_pipeline" "pipeline" 7 26, 5 4 0, S_0x14de060a0;
 .timescale -9 -12;
    .port_info 0 /INPUT 1 "clk_in";
    .port_info 1 /INPUT 1 "rst_in";
    .port_info 2 /INPUT 9 "signal_in";
    .port_info 3 /OUTPUT 9 "signal_out";
P_0x600001a78e00 .param/l "PIPELINE_STAGES" 0 5 6, +C4<00000000000000000000000000000010>;
P_0x600001a78e40 .param/l "PIPELINE_WIDTH" 0 5 7, +C4<00000000000000000000000000001001>;
v0x6000006769a0_0 .net "clk_in", 0 0, v0x60000067c750_0;  alias, 1 drivers
v0x600000676a30_0 .net "rst_in", 0 0, v0x60000067c870_0;  alias, 1 drivers
v0x600000676ac0_0 .net "signal_in", 8 0, L_0x600000571ea0;  1 drivers
v0x600000676b50_0 .net "signal_out", 8 0, v0x600000676be0_1;  1 drivers
v0x600000676be0 .array "signal_pipe", 0 1, 8 0;
S_0x14de24cc0 .scope begin, "$ivl_for_loop0" "$ivl_for_loop0" 5 20, 5 20 0, S_0x14de04d90;
 .timescale -9 -12;
v0x600000676880_0 .var/2s "i", 31 0;
S_0x14de24e30 .scope begin, "$ivl_for_loop1" "$ivl_for_loop1" 5 25, 5 25 0, S_0x14de04d90;
 .timescale -9 -12;
v0x600000676910_0 .var/2s "i", 31 0;
S_0x14de20a00 .scope module, "mvb" "video_bram" 4 71, 9 4 0, S_0x14de255c0;
 .timescale -9 -12;
    .port_info 0 /INPUT 1 "clk_hdmi_in";
    .port_info 1 /INPUT 1 "rst_in";
    .port_info 2 /INPUT 11 "hcount_in";
    .port_info 3 /INPUT 10 "vcount_in";
    .port_info 4 /INPUT 1 "active_draw_in";
    .port_info 5 /OUTPUT 1 "valid_out";
    .port_info 6 /OUTPUT 3 "x_out";
    .port_info 7 /OUTPUT 4 "y_out";
    .port_info 8 /OUTPUT 8 "code_point_out";
    .port_info 9 /OUTPUT 8 "attribute_out";
P_0x600002164740 .param/str "TEXT_INIT_FILE" 0 9 5, "data/text.mem";
L_0x600001f7cd20 .functor BUFZ 16, v0x600000677600_0, C4<0000000000000000>, C4<0000000000000000>, C4<0000000000000000>;
v0x6000006785a0_0 .net *"_ivl_10", 5 0, L_0x6000005715e0;  1 drivers
v0x600000678630_0 .net *"_ivl_11", 12 0, L_0x600000571680;  1 drivers
L_0x1400785b0 .functor BUFT 1, C4<0000000>, C4<0>, C4<0>, C4<0>;
v0x6000006786c0_0 .net *"_ivl_14", 6 0, L_0x1400785b0;  1 drivers
L_0x1400785f8 .functor BUFT 1, C4<0000010100000>, C4<0>, C4<0>, C4<0>;
v0x600000678750_0 .net/2u *"_ivl_15", 12 0, L_0x1400785f8;  1 drivers
v0x6000006787e0_0 .net *"_ivl_18", 12 0, L_0x600000571720;  1 drivers
v0x600000678870_0 .net *"_ivl_20", 7 0, L_0x6000005717c0;  1 drivers
v0x600000678900_0 .net *"_ivl_21", 12 0, L_0x600000571860;  1 drivers
L_0x140078640 .functor BUFT 1, C4<00000>, C4<0>, C4<0>, C4<0>;
v0x600000678990_0 .net *"_ivl_24", 4 0, L_0x140078640;  1 drivers
v0x600000678a20_0 .net *"_ivl_25", 12 0, L_0x600000571900;  1 drivers
L_0x140078688 .functor BUFT 1, C4<0000000000000>, C4<0>, C4<0>, C4<0>;
v0x600000678ab0_0 .net/2u *"_ivl_27", 12 0, L_0x140078688;  1 drivers
v0x600000678b40_0 .net *"_ivl_4", 15 0, L_0x600001f7cd20;  1 drivers
v0x600000678bd0_0 .net "active_draw_in", 0 0, L_0x600000570640;  alias, 1 drivers
v0x600000678c60_0 .net "attribute_out", 7 0, L_0x600000571400;  alias, 1 drivers
v0x600000678cf0_0 .net "clk_hdmi_in", 0 0, v0x60000067c750_0;  alias, 1 drivers
v0x600000678d80_0 .net "code_point_out", 7 0, L_0x600000571360;  alias, 1 drivers
v0x600000678e10_0 .net "frame_buffer_addr", 12 0, L_0x6000005719a0;  1 drivers
v0x600000678ea0_0 .net "frame_buffer_data", 15 0, v0x600000677600_0;  1 drivers
v0x600000678f30_0 .net "hcount_in", 10 0, v0x60000067b210_0;  alias, 1 drivers
v0x600000678fc0_0 .net "rst_in", 0 0, v0x60000067c870_0;  alias, 1 drivers
v0x600000679050_0 .net "valid_out", 0 0, L_0x600000571c20;  alias, 1 drivers
v0x6000006790e0_0 .net "vcount_in", 9 0, v0x60000067b4e0_0;  alias, 1 drivers
v0x600000679170_0 .net "x_in", 2 0, L_0x6000005714a0;  1 drivers
v0x600000679200_0 .net "x_out", 2 0, L_0x600000571ae0;  alias, 1 drivers
v0x600000679290_0 .net "y_in", 3 0, L_0x600000571540;  1 drivers
v0x600000679320_0 .net "y_out", 3 0, L_0x600000571b80;  alias, 1 drivers
L_0x600000571360 .part L_0x600001f7cd20, 8, 8;
L_0x600000571400 .part L_0x600001f7cd20, 0, 8;
L_0x6000005714a0 .part v0x60000067b210_0, 0, 3;
L_0x600000571540 .part v0x60000067b4e0_0, 0, 4;
L_0x6000005715e0 .part v0x60000067b4e0_0, 4, 6;
L_0x600000571680 .concat [ 6 7 0 0], L_0x6000005715e0, L_0x1400785b0;
L_0x600000571720 .arith/mult 13, L_0x600000571680, L_0x1400785f8;
L_0x6000005717c0 .part v0x60000067b210_0, 3, 8;
L_0x600000571860 .concat [ 8 5 0 0], L_0x6000005717c0, L_0x140078640;
L_0x600000571900 .arith/sum 13, L_0x600000571720, L_0x600000571860;
L_0x6000005719a0 .functor MUXZ 13, L_0x140078688, L_0x600000571900, L_0x600000570640, C4<>;
L_0x600000571a40 .concat [ 1 4 3 0], L_0x600000570640, L_0x600000571540, L_0x6000005714a0;
v0x600000678510_1 .array/port v0x600000678510, 1;
L_0x600000571ae0 .part v0x600000678510_1, 5, 3;
L_0x600000571b80 .part v0x600000678510_1, 1, 4;
L_0x600000571c20 .part v0x600000678510_1, 0, 1;
S_0x14de20b70 .scope module, "bram" "xilinx_true_dual_port_read_first_2_clock_ram" 9 44, 10 10 0, S_0x14de20a00;
 .timescale -9 -12;
    .port_info 0 /INPUT 13 "addra";
    .port_info 1 /INPUT 13 "addrb";
    .port_info 2 /INPUT 16 "dina";
    .port_info 3 /INPUT 16 "dinb";
    .port_info 4 /INPUT 1 "clka";
    .port_info 5 /INPUT 1 "clkb";
    .port_info 6 /INPUT 1 "wea";
    .port_info 7 /INPUT 1 "web";
    .port_info 8 /INPUT 1 "ena";
    .port_info 9 /INPUT 1 "enb";
    .port_info 10 /INPUT 1 "rsta";
    .port_info 11 /INPUT 1 "rstb";
    .port_info 12 /INPUT 1 "regcea";
    .port_info 13 /INPUT 1 "regceb";
    .port_info 14 /OUTPUT 16 "douta";
    .port_info 15 /OUTPUT 16 "doutb";
P_0x600000874700 .param/str "INIT_FILE" 0 10 14, "data/text.mem";
P_0x600000874740 .param/l "RAM_DEPTH" 0 10 12, +C4<0000000000000000000000000000000000000000000000000001110000100000>;
P_0x600000874780 .param/str "RAM_PERFORMANCE" 0 10 13, "HIGH_PERFORMANCE";
P_0x6000008747c0 .param/l "RAM_WIDTH" 0 10 11, +C4<00000000000000000000000000010000>;
v0x600000677690 .array "BRAM", 0 7199, 15 0;
L_0x1400786d0 .functor BUFT 1, C4<0000000000000>, C4<0>, C4<0>, C4<0>;
v0x600000677720_0 .net "addra", 12 0, L_0x1400786d0;  1 drivers
v0x6000006777b0_0 .net "addrb", 12 0, L_0x6000005719a0;  alias, 1 drivers
v0x600000677840_0 .net "clka", 0 0, v0x60000067c750_0;  alias, 1 drivers
v0x6000006778d0_0 .net "clkb", 0 0, v0x60000067c750_0;  alias, 1 drivers
L_0x140078718 .functor BUFT 1, C4<0000000000000000>, C4<0>, C4<0>, C4<0>;
v0x600000677960_0 .net "dina", 15 0, L_0x140078718;  1 drivers
L_0x140078760 .functor BUFT 1, C4<0000000000000000>, C4<0>, C4<0>, C4<0>;
v0x6000006779f0_0 .net "dinb", 15 0, L_0x140078760;  1 drivers
v0x600000677a80_0 .net "douta", 15 0, L_0x600001f7cf50;  1 drivers
v0x600000677b10_0 .net "doutb", 15 0, v0x600000677600_0;  alias, 1 drivers
L_0x140078838 .functor BUFT 1, C4<0>, C4<0>, C4<0>, C4<0>;
v0x600000677ba0_0 .net "ena", 0 0, L_0x140078838;  1 drivers
L_0x140078880 .functor BUFT 1, C4<1>, C4<0>, C4<0>, C4<0>;
v0x600000677c30_0 .net "enb", 0 0, L_0x140078880;  1 drivers
v0x600000677cc0_0 .var "ram_data_a", 15 0;
v0x600000677d50_0 .var "ram_data_b", 15 0;
L_0x140078910 .functor BUFT 1, C4<0>, C4<0>, C4<0>, C4<0>;
v0x600000677de0_0 .net "regcea", 0 0, L_0x140078910;  1 drivers
L_0x140078958 .functor BUFT 1, C4<1>, C4<0>, C4<0>, C4<0>;
v0x600000677e70_0 .net "regceb", 0 0, L_0x140078958;  1 drivers
L_0x1400788c8 .functor BUFT 1, C4<0>, C4<0>, C4<0>, C4<0>;
v0x600000677f00_0 .net "rsta", 0 0, L_0x1400788c8;  1 drivers
v0x600000678000_0 .net "rstb", 0 0, v0x60000067c870_0;  alias, 1 drivers
L_0x1400787a8 .functor BUFT 1, C4<0>, C4<0>, C4<0>, C4<0>;
v0x600000678090_0 .net "wea", 0 0, L_0x1400787a8;  1 drivers
L_0x1400787f0 .functor BUFT 1, C4<0>, C4<0>, C4<0>, C4<0>;
v0x600000678120_0 .net "web", 0 0, L_0x1400787f0;  1 drivers
S_0x14de20e60 .scope function.vec4.u32, "clogb2" "clogb2" 10 113, 10 113 0, S_0x14de20b70;
 .timescale -9 -12;
; Variable clogb2 is vec4 return value of scope S_0x14de20e60
v0x6000006774e0_0 .var/i "depth", 31 0;
TD_video_controller_tb.uut.mvb.bram.clogb2 ;
    %pushi/vec4 0, 0, 32;
    %ret/vec4 0, 0, 32;  Assign to clogb2 (store_vec4_to_lval)
T_1.2 ;
    %load/vec4 v0x6000006774e0_0;
    %cmpi/s 0, 0, 32;
    %flag_or 5, 4; GT is !LE
    %flag_inv 5;
    %jmp/0xz T_1.3, 5;
    %load/vec4 v0x6000006774e0_0;
    %ix/load 4, 1, 0;
    %flag_set/imm 4, 0;
    %shiftr 4;
    %store/vec4 v0x6000006774e0_0, 0, 32;
    %retload/vec4 0; Load clogb2 (draw_signal_vec4)
    %addi 1, 0, 32;
    %ret/vec4 0, 0, 32;  Assign to clogb2 (store_vec4_to_lval)
    %jmp T_1.2;
T_1.3 ;
    %end;
S_0x14de20fd0 .scope generate, "output_register" "output_register" 10 81, 10 81 0, S_0x14de20b70;
 .timescale -9 -12;
L_0x600001f7cf50 .functor BUFZ 16, v0x600000677570_0, C4<0000000000000000>, C4<0000000000000000>, C4<0000000000000000>;
v0x600000677570_0 .var "douta_reg", 15 0;
v0x600000677600_0 .var "doutb_reg", 15 0;
S_0x14de22a60 .scope generate, "use_init_file" "use_init_file" 10 49, 10 49 0, S_0x14de20b70;
 .timescale -9 -12;
S_0x14de22bd0 .scope module, "control_signal_pipeline" "pipeline" 9 33, 5 4 0, S_0x14de20a00;
 .timescale -9 -12;
    .port_info 0 /INPUT 1 "clk_in";
    .port_info 1 /INPUT 1 "rst_in";
    .port_info 2 /INPUT 8 "signal_in";
    .port_info 3 /OUTPUT 8 "signal_out";
P_0x600001a78f80 .param/l "PIPELINE_STAGES" 0 5 6, +C4<00000000000000000000000000000010>;
P_0x600001a78fc0 .param/l "PIPELINE_WIDTH" 0 5 7, +C4<00000000000000000000000000001000>;
v0x6000006782d0_0 .net "clk_in", 0 0, v0x60000067c750_0;  alias, 1 drivers
v0x600000678360_0 .net "rst_in", 0 0, v0x60000067c870_0;  alias, 1 drivers
v0x6000006783f0_0 .net "signal_in", 7 0, L_0x600000571a40;  1 drivers
v0x600000678480_0 .net "signal_out", 7 0, v0x600000678510_1;  1 drivers
v0x600000678510 .array "signal_pipe", 0 1, 7 0;
S_0x14de22d40 .scope begin, "$ivl_for_loop0" "$ivl_for_loop0" 5 20, 5 20 0, S_0x14de22bd0;
 .timescale -9 -12;
v0x6000006781b0_0 .var/2s "i", 31 0;
S_0x14de22eb0 .scope begin, "$ivl_for_loop1" "$ivl_for_loop1" 5 25, 5 25 0, S_0x14de22bd0;
 .timescale -9 -12;
v0x600000678240_0 .var/2s "i", 31 0;
S_0x14de23020 .scope module, "output_pipeline" "pipeline" 4 47, 5 4 0, S_0x14de255c0;
 .timescale -9 -12;
    .port_info 0 /INPUT 1 "clk_in";
    .port_info 1 /INPUT 1 "rst_in";
    .port_info 2 /INPUT 4 "signal_in";
    .port_info 3 /OUTPUT 4 "signal_out";
P_0x600001a79000 .param/l "PIPELINE_STAGES" 0 5 6, +C4<00000000000000000000000000000101>;
P_0x600001a79040 .param/l "PIPELINE_WIDTH" 0 5 7, +C4<00000000000000000000000000000100>;
v0x6000006794d0_0 .net "clk_in", 0 0, v0x60000067c750_0;  alias, 1 drivers
v0x600000679560_0 .net "rst_in", 0 0, v0x60000067c870_0;  alias, 1 drivers
v0x6000006795f0_0 .net "signal_in", 3 0, L_0x600000571040;  1 drivers
v0x600000679680_0 .net "signal_out", 3 0, v0x600000679710_4;  1 drivers
v0x600000679710 .array "signal_pipe", 0 4, 3 0;
S_0x14de23190 .scope begin, "$ivl_for_loop0" "$ivl_for_loop0" 5 20, 5 20 0, S_0x14de23020;
 .timescale -9 -12;
v0x6000006793b0_0 .var/2s "i", 31 0;
S_0x14de23300 .scope begin, "$ivl_for_loop1" "$ivl_for_loop1" 5 25, 5 25 0, S_0x14de23020;
 .timescale -9 -12;
v0x600000679440_0 .var/2s "i", 31 0;
S_0x14de21f40 .scope module, "vsg" "video_sig_gen" 4 32, 11 1 0, S_0x14de255c0;
 .timescale -9 -12;
    .port_info 0 /INPUT 1 "clk_pixel_in";
    .port_info 1 /INPUT 1 "rst_in";
    .port_info 2 /OUTPUT 11 "hcount_out";
    .port_info 3 /OUTPUT 10 "vcount_out";
    .port_info 4 /OUTPUT 1 "vs_out";
    .port_info 5 /OUTPUT 1 "hs_out";
    .port_info 6 /OUTPUT 1 "ad_out";
    .port_info 7 /OUTPUT 1 "nf_out";
    .port_info 8 /OUTPUT 6 "fc_out";
P_0x14de220b0 .param/l "ACTIVE_H_PIXELS" 0 11 3, +C4<00000000000000000000010100000000>;
P_0x14de220f0 .param/l "ACTIVE_LINES" 0 11 7, +C4<00000000000000000000001011010000>;
P_0x14de22130 .param/l "H_BACK_PORCH" 0 11 6, +C4<00000000000000000000000011011100>;
P_0x14de22170 .param/l "H_FRONT_PORCH" 0 11 4, +C4<00000000000000000000000001101110>;
P_0x14de221b0 .param/l "H_SYNC_WIDTH" 0 11 5, +C4<00000000000000000000000000101000>;
P_0x14de221f0 .param/l "TOTAL_LINES" 1 11 24, +C4<00000000000000000000000001011101110>;
P_0x14de22230 .param/l "TOTAL_PIXELS" 1 11 25, +C4<00000000000000000000000011001110010>;
P_0x14de22270 .param/l "V_BACK_PORCH" 0 11 10, +C4<00000000000000000000000000010100>;
P_0x14de222b0 .param/l "V_FRONT_PORCH" 0 11 8, +C4<00000000000000000000000000000101>;
P_0x14de222f0 .param/l "V_SYNC_WIDTH" 0 11 9, +C4<00000000000000000000000000000101>;
L_0x600001f7c620 .functor OR 1, v0x60000067c870_0, v0x60000067b330_0, C4<0>, C4<0>;
L_0x600001f7c850 .functor AND 1, L_0x600000570280, L_0x6000005705a0, C4<1>, C4<1>;
L_0x600001f7c9a0 .functor OR 1, v0x60000067c870_0, v0x60000067b330_0, C4<0>, C4<0>;
L_0x600001f7ca10 .functor AND 1, L_0x600000570500, L_0x600000570820, C4<1>, C4<1>;
L_0x600001f7c8c0 .functor OR 1, v0x60000067c870_0, v0x60000067b330_0, C4<0>, C4<0>;
L_0x600001f7cb60 .functor AND 1, L_0x6000005708c0, L_0x600000570b40, C4<1>, C4<1>;
L_0x600001f7c930 .functor OR 1, v0x60000067c870_0, v0x60000067b330_0, C4<0>, C4<0>;
L_0x600001f7ccb0 .functor AND 1, L_0x600000570d20, L_0x600000570e60, C4<1>, C4<1>;
v0x6000006797a0_0 .net *"_ivl_1", 0 0, L_0x600001f7c620;  1 drivers
v0x600000679830_0 .net *"_ivl_10", 0 0, L_0x600000570280;  1 drivers
v0x6000006798c0_0 .net *"_ivl_12", 31 0, L_0x6000005703c0;  1 drivers
L_0x1400780e8 .functor BUFT 1, C4<0000000000000000000000>, C4<0>, C4<0>, C4<0>;
v0x600000679950_0 .net *"_ivl_15", 21 0, L_0x1400780e8;  1 drivers
L_0x140078130 .functor BUFT 1, C4<00000000000000000000001011010000>, C4<0>, C4<0>, C4<0>;
v0x6000006799e0_0 .net/2u *"_ivl_16", 31 0, L_0x140078130;  1 drivers
v0x600000679a70_0 .net *"_ivl_18", 0 0, L_0x6000005705a0;  1 drivers
L_0x140078010 .functor BUFT 1, C4<0>, C4<0>, C4<0>, C4<0>;
v0x600000679b00_0 .net/2u *"_ivl_2", 0 0, L_0x140078010;  1 drivers
v0x600000679b90_0 .net *"_ivl_21", 0 0, L_0x600001f7c850;  1 drivers
v0x600000679c20_0 .net *"_ivl_25", 0 0, L_0x600001f7c9a0;  1 drivers
L_0x140078178 .functor BUFT 1, C4<0>, C4<0>, C4<0>, C4<0>;
v0x600000679cb0_0 .net/2u *"_ivl_26", 0 0, L_0x140078178;  1 drivers
v0x600000679d40_0 .net *"_ivl_28", 31 0, L_0x600000570460;  1 drivers
L_0x1400781c0 .functor BUFT 1, C4<0000000000000000000000>, C4<0>, C4<0>, C4<0>;
v0x600000679dd0_0 .net *"_ivl_31", 21 0, L_0x1400781c0;  1 drivers
L_0x140078208 .functor BUFT 1, C4<00000000000000000000001011010101>, C4<0>, C4<0>, C4<0>;
v0x600000679e60_0 .net/2u *"_ivl_32", 31 0, L_0x140078208;  1 drivers
v0x600000679ef0_0 .net *"_ivl_34", 0 0, L_0x600000570500;  1 drivers
v0x600000679f80_0 .net *"_ivl_36", 31 0, L_0x6000005706e0;  1 drivers
L_0x140078250 .functor BUFT 1, C4<0000000000000000000000>, C4<0>, C4<0>, C4<0>;
v0x60000067a010_0 .net *"_ivl_39", 21 0, L_0x140078250;  1 drivers
v0x60000067a0a0_0 .net *"_ivl_4", 31 0, L_0x6000005701e0;  1 drivers
L_0x140078298 .functor BUFT 1, C4<00000000000000000000001011011010>, C4<0>, C4<0>, C4<0>;
v0x60000067a130_0 .net/2u *"_ivl_40", 31 0, L_0x140078298;  1 drivers
v0x60000067a1c0_0 .net *"_ivl_42", 0 0, L_0x600000570820;  1 drivers
v0x60000067a250_0 .net *"_ivl_45", 0 0, L_0x600001f7ca10;  1 drivers
v0x60000067a2e0_0 .net *"_ivl_49", 0 0, L_0x600001f7c8c0;  1 drivers
L_0x1400782e0 .functor BUFT 1, C4<0>, C4<0>, C4<0>, C4<0>;
v0x60000067a370_0 .net/2u *"_ivl_50", 0 0, L_0x1400782e0;  1 drivers
v0x60000067a400_0 .net *"_ivl_52", 31 0, L_0x600000570aa0;  1 drivers
L_0x140078328 .functor BUFT 1, C4<000000000000000000000>, C4<0>, C4<0>, C4<0>;
v0x60000067a490_0 .net *"_ivl_55", 20 0, L_0x140078328;  1 drivers
L_0x140078370 .functor BUFT 1, C4<00000000000000000000010101101110>, C4<0>, C4<0>, C4<0>;
v0x60000067a520_0 .net/2u *"_ivl_56", 31 0, L_0x140078370;  1 drivers
v0x60000067a5b0_0 .net *"_ivl_58", 0 0, L_0x6000005708c0;  1 drivers
v0x60000067a640_0 .net *"_ivl_60", 31 0, L_0x600000570960;  1 drivers
L_0x1400783b8 .functor BUFT 1, C4<000000000000000000000>, C4<0>, C4<0>, C4<0>;
v0x60000067a6d0_0 .net *"_ivl_63", 20 0, L_0x1400783b8;  1 drivers
L_0x140078400 .functor BUFT 1, C4<00000000000000000000010110010110>, C4<0>, C4<0>, C4<0>;
v0x60000067a760_0 .net/2u *"_ivl_64", 31 0, L_0x140078400;  1 drivers
v0x60000067a7f0_0 .net *"_ivl_66", 0 0, L_0x600000570b40;  1 drivers
v0x60000067a880_0 .net *"_ivl_69", 0 0, L_0x600001f7cb60;  1 drivers
L_0x140078058 .functor BUFT 1, C4<000000000000000000000>, C4<0>, C4<0>, C4<0>;
v0x60000067a910_0 .net *"_ivl_7", 20 0, L_0x140078058;  1 drivers
v0x60000067a9a0_0 .net *"_ivl_73", 0 0, L_0x600001f7c930;  1 drivers
L_0x140078448 .functor BUFT 1, C4<0>, C4<0>, C4<0>, C4<0>;
v0x60000067aa30_0 .net/2u *"_ivl_74", 0 0, L_0x140078448;  1 drivers
v0x60000067aac0_0 .net *"_ivl_76", 31 0, L_0x600000570c80;  1 drivers
L_0x140078490 .functor BUFT 1, C4<000000000000000000000>, C4<0>, C4<0>, C4<0>;
v0x60000067ab50_0 .net *"_ivl_79", 20 0, L_0x140078490;  1 drivers
L_0x1400780a0 .functor BUFT 1, C4<00000000000000000000010100000000>, C4<0>, C4<0>, C4<0>;
v0x60000067abe0_0 .net/2u *"_ivl_8", 31 0, L_0x1400780a0;  1 drivers
L_0x1400784d8 .functor BUFT 1, C4<00000000000000000000010100000000>, C4<0>, C4<0>, C4<0>;
v0x60000067ac70_0 .net/2u *"_ivl_80", 31 0, L_0x1400784d8;  1 drivers
v0x60000067ad00_0 .net *"_ivl_82", 0 0, L_0x600000570d20;  1 drivers
v0x60000067ad90_0 .net *"_ivl_84", 31 0, L_0x600000570dc0;  1 drivers
L_0x140078520 .functor BUFT 1, C4<0000000000000000000000>, C4<0>, C4<0>, C4<0>;
v0x60000067ae20_0 .net *"_ivl_87", 21 0, L_0x140078520;  1 drivers
L_0x140078568 .functor BUFT 1, C4<00000000000000000000001011010000>, C4<0>, C4<0>, C4<0>;
v0x60000067aeb0_0 .net/2u *"_ivl_88", 31 0, L_0x140078568;  1 drivers
v0x60000067af40_0 .net *"_ivl_90", 0 0, L_0x600000570e60;  1 drivers
v0x60000067afd0_0 .net *"_ivl_93", 0 0, L_0x600001f7ccb0;  1 drivers
v0x60000067b060_0 .net "ad_out", 0 0, L_0x600000570640;  alias, 1 drivers
v0x60000067b0f0_0 .net "clk_pixel_in", 0 0, v0x60000067c750_0;  alias, 1 drivers
v0x60000067b180_0 .var "fc_out", 5 0;
v0x60000067b210_0 .var "hcount_out", 10 0;
v0x60000067b2a0_0 .net "hs_out", 0 0, L_0x600000570be0;  alias, 1 drivers
v0x60000067b330_0 .var "last_rst", 0 0;
v0x60000067b3c0_0 .net "nf_out", 0 0, L_0x600000570fa0;  alias, 1 drivers
v0x60000067b450_0 .net "rst_in", 0 0, v0x60000067c870_0;  alias, 1 drivers
v0x60000067b4e0_0 .var "vcount_out", 9 0;
v0x60000067b570_0 .net "vs_out", 0 0, L_0x600000570780;  alias, 1 drivers
L_0x6000005701e0 .concat [ 11 21 0 0], v0x60000067b210_0, L_0x140078058;
L_0x600000570280 .cmp/gt 32, L_0x1400780a0, L_0x6000005701e0;
L_0x6000005703c0 .concat [ 10 22 0 0], v0x60000067b4e0_0, L_0x1400780e8;
L_0x6000005705a0 .cmp/gt 32, L_0x140078130, L_0x6000005703c0;
L_0x600000570640 .functor MUXZ 1, L_0x600001f7c850, L_0x140078010, L_0x600001f7c620, C4<>;
L_0x600000570460 .concat [ 10 22 0 0], v0x60000067b4e0_0, L_0x1400781c0;
L_0x600000570500 .cmp/ge 32, L_0x600000570460, L_0x140078208;
L_0x6000005706e0 .concat [ 10 22 0 0], v0x60000067b4e0_0, L_0x140078250;
L_0x600000570820 .cmp/gt 32, L_0x140078298, L_0x6000005706e0;
L_0x600000570780 .functor MUXZ 1, L_0x600001f7ca10, L_0x140078178, L_0x600001f7c9a0, C4<>;
L_0x600000570aa0 .concat [ 11 21 0 0], v0x60000067b210_0, L_0x140078328;
L_0x6000005708c0 .cmp/ge 32, L_0x600000570aa0, L_0x140078370;
L_0x600000570960 .concat [ 11 21 0 0], v0x60000067b210_0, L_0x1400783b8;
L_0x600000570b40 .cmp/gt 32, L_0x140078400, L_0x600000570960;
L_0x600000570be0 .functor MUXZ 1, L_0x600001f7cb60, L_0x1400782e0, L_0x600001f7c8c0, C4<>;
L_0x600000570c80 .concat [ 11 21 0 0], v0x60000067b210_0, L_0x140078490;
L_0x600000570d20 .cmp/eeq 32, L_0x600000570c80, L_0x1400784d8;
L_0x600000570dc0 .concat [ 10 22 0 0], v0x60000067b4e0_0, L_0x140078520;
L_0x600000570e60 .cmp/eq 32, L_0x600000570dc0, L_0x140078568;
L_0x600000570fa0 .functor MUXZ 1, L_0x600001f7ccb0, L_0x140078448, L_0x600001f7c930, C4<>;
    .scope S_0x14de21f40;
T_2 ;
    %wait E_0x600002164640;
    %load/vec4 v0x60000067b450_0;
    %flag_set/vec4 8;
    %jmp/1 T_2.2, 8;
    %load/vec4 v0x60000067b330_0;
    %flag_set/vec4 9;
    %flag_or 8, 9;
T_2.2;
    %jmp/0xz  T_2.0, 8;
    %pushi/vec4 0, 0, 11;
    %assign/vec4 v0x60000067b210_0, 0;
    %pushi/vec4 0, 0, 10;
    %assign/vec4 v0x60000067b4e0_0, 0;
    %pushi/vec4 0, 0, 6;
    %assign/vec4 v0x60000067b180_0, 0;
    %jmp T_2.1;
T_2.0 ;
    %load/vec4 v0x60000067b210_0;
    %pad/u 35;
    %cmpi/e 1649, 0, 35;
    %jmp/0xz  T_2.3, 6;
    %pushi/vec4 0, 0, 11;
    %assign/vec4 v0x60000067b210_0, 0;
    %load/vec4 v0x60000067b4e0_0;
    %pad/u 35;
    %cmpi/e 749, 0, 35;
    %flag_mov 8, 6;
    %jmp/0 T_2.5, 8;
    %pushi/vec4 0, 0, 10;
    %jmp/1 T_2.6, 8;
T_2.5 ; End of true expr.
    %load/vec4 v0x60000067b4e0_0;
    %addi 1, 0, 10;
    %jmp/0 T_2.6, 8;
 ; End of false expr.
    %blend;
T_2.6;
    %assign/vec4 v0x60000067b4e0_0, 0;
    %jmp T_2.4;
T_2.3 ;
    %load/vec4 v0x60000067b210_0;
    %addi 1, 0, 11;
    %assign/vec4 v0x60000067b210_0, 0;
T_2.4 ;
    %load/vec4 v0x60000067b210_0;
    %pad/u 32;
    %cmpi/e 1279, 0, 32;
    %flag_get/vec4 6;
    %jmp/0 T_2.9, 6;
    %load/vec4 v0x60000067b4e0_0;
    %pad/u 32;
    %pushi/vec4 720, 0, 32;
    %cmp/e;
    %flag_get/vec4 6;
    %and;
T_2.9;
    %flag_set/vec4 8;
    %jmp/0xz  T_2.7, 8;
    %load/vec4 v0x60000067b180_0;
    %cmpi/e 59, 0, 6;
    %flag_mov 8, 6;
    %jmp/0 T_2.10, 8;
    %pushi/vec4 0, 0, 6;
    %jmp/1 T_2.11, 8;
T_2.10 ; End of true expr.
    %load/vec4 v0x60000067b180_0;
    %addi 1, 0, 6;
    %jmp/0 T_2.11, 8;
 ; End of false expr.
    %blend;
T_2.11;
    %assign/vec4 v0x60000067b180_0, 0;
T_2.7 ;
T_2.1 ;
    %load/vec4 v0x60000067b450_0;
    %assign/vec4 v0x60000067b330_0, 0;
    %jmp T_2;
    .thread T_2;
    .scope S_0x14de23020;
T_3 ;
    %wait E_0x600002164640;
    %load/vec4 v0x600000679560_0;
    %flag_set/vec4 8;
    %jmp/0xz  T_3.0, 8;
    %fork t_1, S_0x14de23190;
    %jmp t_0;
    .scope S_0x14de23190;
t_1 ;
    %pushi/vec4 0, 0, 32;
    %store/vec4 v0x6000006793b0_0, 0, 32;
T_3.2 ;
    %load/vec4 v0x6000006793b0_0;
    %cmpi/s 5, 0, 32;
    %jmp/0xz T_3.3, 5;
    %pushi/vec4 0, 0, 4;
    %ix/getv/s 3, v0x6000006793b0_0;
    %ix/load 4, 0, 0; Constant delay
    %assign/vec4/a/d v0x600000679710, 0, 4;
    %load/vec4 v0x6000006793b0_0;
    %addi 1, 0, 32;
    %cast2;
    %store/vec4 v0x6000006793b0_0, 0, 32;
    %jmp T_3.2;
T_3.3 ;
    %end;
    .scope S_0x14de23020;
t_0 %join;
    %jmp T_3.1;
T_3.0 ;
    %load/vec4 v0x6000006795f0_0;
    %ix/load 3, 0, 0;
    %flag_set/imm 4, 0;
    %ix/load 4, 0, 0; Constant delay
    %assign/vec4/a/d v0x600000679710, 0, 4;
    %fork t_3, S_0x14de23300;
    %jmp t_2;
    .scope S_0x14de23300;
t_3 ;
    %pushi/vec4 1, 0, 32;
    %store/vec4 v0x600000679440_0, 0, 32;
T_3.4 ;
    %load/vec4 v0x600000679440_0;
    %cmpi/s 5, 0, 32;
    %jmp/0xz T_3.5, 5;
    %load/vec4 v0x600000679440_0;
    %subi 1, 0, 32;
    %ix/vec4/s 4;
    %load/vec4a v0x600000679710, 4;
    %ix/getv/s 3, v0x600000679440_0;
    %ix/load 4, 0, 0; Constant delay
    %assign/vec4/a/d v0x600000679710, 0, 4;
    %load/vec4 v0x600000679440_0;
    %addi 1, 0, 32;
    %cast2;
    %store/vec4 v0x600000679440_0, 0, 32;
    %jmp T_3.4;
T_3.5 ;
    %end;
    .scope S_0x14de23020;
t_2 %join;
T_3.1 ;
    %jmp T_3;
    .thread T_3;
    .scope S_0x14de0bfc0;
T_4 ;
    %wait E_0x600002164640;
    %load/vec4 v0x600000674e10_0;
    %flag_set/vec4 8;
    %jmp/0xz  T_4.0, 8;
    %fork t_5, S_0x14de0c130;
    %jmp t_4;
    .scope S_0x14de0c130;
t_5 ;
    %pushi/vec4 0, 0, 32;
    %store/vec4 v0x600000674c60_0, 0, 32;
T_4.2 ;
    %load/vec4 v0x600000674c60_0;
    %cmpi/s 4, 0, 32;
    %jmp/0xz T_4.3, 5;
    %pushi/vec4 0, 0, 6;
    %ix/getv/s 3, v0x600000674c60_0;
    %ix/load 4, 0, 0; Constant delay
    %assign/vec4/a/d v0x600000674fc0, 0, 4;
    %load/vec4 v0x600000674c60_0;
    %addi 1, 0, 32;
    %cast2;
    %store/vec4 v0x600000674c60_0, 0, 32;
    %jmp T_4.2;
T_4.3 ;
    %end;
    .scope S_0x14de0bfc0;
t_4 %join;
    %jmp T_4.1;
T_4.0 ;
    %load/vec4 v0x600000674ea0_0;
    %ix/load 3, 0, 0;
    %flag_set/imm 4, 0;
    %ix/load 4, 0, 0; Constant delay
    %assign/vec4/a/d v0x600000674fc0, 0, 4;
    %fork t_7, S_0x14de0af20;
    %jmp t_6;
    .scope S_0x14de0af20;
t_7 ;
    %pushi/vec4 1, 0, 32;
    %store/vec4 v0x600000674cf0_0, 0, 32;
T_4.4 ;
    %load/vec4 v0x600000674cf0_0;
    %cmpi/s 4, 0, 32;
    %jmp/0xz T_4.5, 5;
    %load/vec4 v0x600000674cf0_0;
    %subi 1, 0, 32;
    %ix/vec4/s 4;
    %load/vec4a v0x600000674fc0, 4;
    %ix/getv/s 3, v0x600000674cf0_0;
    %ix/load 4, 0, 0; Constant delay
    %assign/vec4/a/d v0x600000674fc0, 0, 4;
    %load/vec4 v0x600000674cf0_0;
    %addi 1, 0, 32;
    %cast2;
    %store/vec4 v0x600000674cf0_0, 0, 32;
    %jmp T_4.4;
T_4.5 ;
    %end;
    .scope S_0x14de0bfc0;
t_6 %join;
T_4.1 ;
    %jmp T_4;
    .thread T_4;
    .scope S_0x14de22bd0;
T_5 ;
    %wait E_0x600002164640;
    %load/vec4 v0x600000678360_0;
    %flag_set/vec4 8;
    %jmp/0xz  T_5.0, 8;
    %fork t_9, S_0x14de22d40;
    %jmp t_8;
    .scope S_0x14de22d40;
t_9 ;
    %pushi/vec4 0, 0, 32;
    %store/vec4 v0x6000006781b0_0, 0, 32;
T_5.2 ;
    %load/vec4 v0x6000006781b0_0;
    %cmpi/s 2, 0, 32;
    %jmp/0xz T_5.3, 5;
    %pushi/vec4 0, 0, 8;
    %ix/getv/s 3, v0x6000006781b0_0;
    %ix/load 4, 0, 0; Constant delay
    %assign/vec4/a/d v0x600000678510, 0, 4;
    %load/vec4 v0x6000006781b0_0;
    %addi 1, 0, 32;
    %cast2;
    %store/vec4 v0x6000006781b0_0, 0, 32;
    %jmp T_5.2;
T_5.3 ;
    %end;
    .scope S_0x14de22bd0;
t_8 %join;
    %jmp T_5.1;
T_5.0 ;
    %load/vec4 v0x6000006783f0_0;
    %ix/load 3, 0, 0;
    %flag_set/imm 4, 0;
    %ix/load 4, 0, 0; Constant delay
    %assign/vec4/a/d v0x600000678510, 0, 4;
    %fork t_11, S_0x14de22eb0;
    %jmp t_10;
    .scope S_0x14de22eb0;
t_11 ;
    %pushi/vec4 1, 0, 32;
    %store/vec4 v0x600000678240_0, 0, 32;
T_5.4 ;
    %load/vec4 v0x600000678240_0;
    %cmpi/s 2, 0, 32;
    %jmp/0xz T_5.5, 5;
    %load/vec4 v0x600000678240_0;
    %subi 1, 0, 32;
    %ix/vec4/s 4;
    %load/vec4a v0x600000678510, 4;
    %ix/getv/s 3, v0x600000678240_0;
    %ix/load 4, 0, 0; Constant delay
    %assign/vec4/a/d v0x600000678510, 0, 4;
    %load/vec4 v0x600000678240_0;
    %addi 1, 0, 32;
    %cast2;
    %store/vec4 v0x600000678240_0, 0, 32;
    %jmp T_5.4;
T_5.5 ;
    %end;
    .scope S_0x14de22bd0;
t_10 %join;
T_5.1 ;
    %jmp T_5;
    .thread T_5;
    .scope S_0x14de22a60;
T_6 ;
    %vpi_call/w 10 51 "$readmemh", P_0x600000874700, v0x600000677690, 32'sb00000000000000000000000000000000, 64'sb0000000000000000000000000000000000000000000000000001110000011111 {0 0 0};
    %end;
    .thread T_6;
    .scope S_0x14de20fd0;
T_7 ;
    %pushi/vec4 0, 0, 16;
    %store/vec4 v0x600000677570_0, 0, 16;
    %pushi/vec4 0, 0, 16;
    %store/vec4 v0x600000677600_0, 0, 16;
    %end;
    .thread T_7, $init;
    .scope S_0x14de20fd0;
T_8 ;
    %wait E_0x600002164640;
    %load/vec4 v0x600000677f00_0;
    %flag_set/vec4 8;
    %jmp/0xz  T_8.0, 8;
    %pushi/vec4 0, 0, 16;
    %assign/vec4 v0x600000677570_0, 0;
    %jmp T_8.1;
T_8.0 ;
    %load/vec4 v0x600000677de0_0;
    %flag_set/vec4 8;
    %jmp/0xz  T_8.2, 8;
    %load/vec4 v0x600000677cc0_0;
    %assign/vec4 v0x600000677570_0, 0;
T_8.2 ;
T_8.1 ;
    %jmp T_8;
    .thread T_8;
    .scope S_0x14de20fd0;
T_9 ;
    %wait E_0x600002164640;
    %load/vec4 v0x600000678000_0;
    %flag_set/vec4 8;
    %jmp/0xz  T_9.0, 8;
    %pushi/vec4 0, 0, 16;
    %assign/vec4 v0x600000677600_0, 0;
    %jmp T_9.1;
T_9.0 ;
    %load/vec4 v0x600000677e70_0;
    %flag_set/vec4 8;
    %jmp/0xz  T_9.2, 8;
    %load/vec4 v0x600000677d50_0;
    %assign/vec4 v0x600000677600_0, 0;
T_9.2 ;
T_9.1 ;
    %jmp T_9;
    .thread T_9;
    .scope S_0x14de20b70;
T_10 ;
    %pushi/vec4 0, 0, 16;
    %store/vec4 v0x600000677cc0_0, 0, 16;
    %pushi/vec4 0, 0, 16;
    %store/vec4 v0x600000677d50_0, 0, 16;
    %end;
    .thread T_10, $init;
    .scope S_0x14de20b70;
T_11 ;
    %wait E_0x600002164640;
    %load/vec4 v0x600000677ba0_0;
    %flag_set/vec4 8;
    %jmp/0xz  T_11.0, 8;
    %load/vec4 v0x600000678090_0;
    %flag_set/vec4 8;
    %jmp/0xz  T_11.2, 8;
    %load/vec4 v0x600000677960_0;
    %load/vec4 v0x600000677720_0;
    %pad/u 14;
    %ix/vec4 3;
    %ix/load 4, 0, 0; Constant delay
    %assign/vec4/a/d v0x600000677690, 0, 4;
T_11.2 ;
    %load/vec4 v0x600000677720_0;
    %pad/u 14;
    %ix/vec4 4;
    %load/vec4a v0x600000677690, 4;
    %assign/vec4 v0x600000677cc0_0, 0;
T_11.0 ;
    %jmp T_11;
    .thread T_11;
    .scope S_0x14de20b70;
T_12 ;
    %wait E_0x600002164640;
    %load/vec4 v0x600000677c30_0;
    %flag_set/vec4 8;
    %jmp/0xz  T_12.0, 8;
    %load/vec4 v0x600000678120_0;
    %flag_set/vec4 8;
    %jmp/0xz  T_12.2, 8;
    %load/vec4 v0x6000006779f0_0;
    %load/vec4 v0x6000006777b0_0;
    %pad/u 14;
    %ix/vec4 3;
    %ix/load 4, 0, 0; Constant delay
    %assign/vec4/a/d v0x600000677690, 0, 4;
T_12.2 ;
    %load/vec4 v0x6000006777b0_0;
    %pad/u 14;
    %ix/vec4 4;
    %load/vec4a v0x600000677690, 4;
    %assign/vec4 v0x600000677d50_0, 0;
T_12.0 ;
    %jmp T_12;
    .thread T_12;
    .scope S_0x14de04d90;
T_13 ;
    %wait E_0x600002164640;
    %load/vec4 v0x600000676a30_0;
    %flag_set/vec4 8;
    %jmp/0xz  T_13.0, 8;
    %fork t_13, S_0x14de24cc0;
    %jmp t_12;
    .scope S_0x14de24cc0;
t_13 ;
    %pushi/vec4 0, 0, 32;
    %store/vec4 v0x600000676880_0, 0, 32;
T_13.2 ;
    %load/vec4 v0x600000676880_0;
    %cmpi/s 2, 0, 32;
    %jmp/0xz T_13.3, 5;
    %pushi/vec4 0, 0, 9;
    %ix/getv/s 3, v0x600000676880_0;
    %ix/load 4, 0, 0; Constant delay
    %assign/vec4/a/d v0x600000676be0, 0, 4;
    %load/vec4 v0x600000676880_0;
    %addi 1, 0, 32;
    %cast2;
    %store/vec4 v0x600000676880_0, 0, 32;
    %jmp T_13.2;
T_13.3 ;
    %end;
    .scope S_0x14de04d90;
t_12 %join;
    %jmp T_13.1;
T_13.0 ;
    %load/vec4 v0x600000676ac0_0;
    %ix/load 3, 0, 0;
    %flag_set/imm 4, 0;
    %ix/load 4, 0, 0; Constant delay
    %assign/vec4/a/d v0x600000676be0, 0, 4;
    %fork t_15, S_0x14de24e30;
    %jmp t_14;
    .scope S_0x14de24e30;
t_15 ;
    %pushi/vec4 1, 0, 32;
    %store/vec4 v0x600000676910_0, 0, 32;
T_13.4 ;
    %load/vec4 v0x600000676910_0;
    %cmpi/s 2, 0, 32;
    %jmp/0xz T_13.5, 5;
    %load/vec4 v0x600000676910_0;
    %subi 1, 0, 32;
    %ix/vec4/s 4;
    %load/vec4a v0x600000676be0, 4;
    %ix/getv/s 3, v0x600000676910_0;
    %ix/load 4, 0, 0; Constant delay
    %assign/vec4/a/d v0x600000676be0, 0, 4;
    %load/vec4 v0x600000676910_0;
    %addi 1, 0, 32;
    %cast2;
    %store/vec4 v0x600000676910_0, 0, 32;
    %jmp T_13.4;
T_13.5 ;
    %end;
    .scope S_0x14de04d90;
t_14 %join;
T_13.1 ;
    %jmp T_13;
    .thread T_13;
    .scope S_0x14de04c20;
T_14 ;
    %vpi_call/w 8 33 "$readmemh", P_0x600000874300, v0x6000006762e0, 32'sb00000000000000000000000000000000, 32'sb00000000000000000000000011111111 {0 0 0};
    %end;
    .thread T_14;
    .scope S_0x14de08610;
T_15 ;
    %pushi/vec4 0, 0, 128;
    %store/vec4 v0x600000676250_0, 0, 128;
    %end;
    .thread T_15, $init;
    .scope S_0x14de08610;
T_16 ;
    %wait E_0x600002164640;
    %load/vec4 v0x600000676760_0;
    %flag_set/vec4 8;
    %jmp/0xz  T_16.0, 8;
    %pushi/vec4 0, 0, 128;
    %assign/vec4 v0x600000676250_0, 0;
    %jmp T_16.1;
T_16.0 ;
    %load/vec4 v0x6000006766d0_0;
    %flag_set/vec4 8;
    %jmp/0xz  T_16.2, 8;
    %load/vec4 v0x600000676640_0;
    %assign/vec4 v0x600000676250_0, 0;
T_16.2 ;
T_16.1 ;
    %jmp T_16;
    .thread T_16;
    .scope S_0x14de06210;
T_17 ;
    %pushi/vec4 0, 0, 128;
    %store/vec4 v0x600000676640_0, 0, 128;
    %end;
    .thread T_17, $init;
    .scope S_0x14de06210;
T_18 ;
    %wait E_0x600002164640;
    %load/vec4 v0x6000006765b0_0;
    %flag_set/vec4 8;
    %jmp/0xz  T_18.0, 8;
    %load/vec4 v0x6000006767f0_0;
    %flag_set/vec4 8;
    %jmp/0xz  T_18.2, 8;
    %load/vec4 v0x600000676490_0;
    %load/vec4 v0x600000676370_0;
    %pad/u 10;
    %ix/vec4 3;
    %ix/load 4, 0, 0; Constant delay
    %assign/vec4/a/d v0x6000006762e0, 0, 4;
T_18.2 ;
    %load/vec4 v0x600000676370_0;
    %pad/u 10;
    %ix/vec4 4;
    %load/vec4a v0x6000006762e0, 4;
    %assign/vec4 v0x600000676640_0, 0;
T_18.0 ;
    %jmp T_18;
    .thread T_18;
    .scope S_0x14de08b20;
T_19 ;
    %wait E_0x600002164640;
    %load/vec4 v0x600000675440_0;
    %dup/vec4;
    %pushi/vec4 0, 0, 4;
    %cmp/u;
    %jmp/1 T_19.0, 6;
    %dup/vec4;
    %pushi/vec4 1, 0, 4;
    %cmp/u;
    %jmp/1 T_19.1, 6;
    %dup/vec4;
    %pushi/vec4 2, 0, 4;
    %cmp/u;
    %jmp/1 T_19.2, 6;
    %dup/vec4;
    %pushi/vec4 3, 0, 4;
    %cmp/u;
    %jmp/1 T_19.3, 6;
    %dup/vec4;
    %pushi/vec4 4, 0, 4;
    %cmp/u;
    %jmp/1 T_19.4, 6;
    %dup/vec4;
    %pushi/vec4 5, 0, 4;
    %cmp/u;
    %jmp/1 T_19.5, 6;
    %dup/vec4;
    %pushi/vec4 6, 0, 4;
    %cmp/u;
    %jmp/1 T_19.6, 6;
    %dup/vec4;
    %pushi/vec4 7, 0, 4;
    %cmp/u;
    %jmp/1 T_19.7, 6;
    %dup/vec4;
    %pushi/vec4 8, 0, 4;
    %cmp/u;
    %jmp/1 T_19.8, 6;
    %dup/vec4;
    %pushi/vec4 9, 0, 4;
    %cmp/u;
    %jmp/1 T_19.9, 6;
    %dup/vec4;
    %pushi/vec4 10, 0, 4;
    %cmp/u;
    %jmp/1 T_19.10, 6;
    %dup/vec4;
    %pushi/vec4 11, 0, 4;
    %cmp/u;
    %jmp/1 T_19.11, 6;
    %dup/vec4;
    %pushi/vec4 12, 0, 4;
    %cmp/u;
    %jmp/1 T_19.12, 6;
    %dup/vec4;
    %pushi/vec4 13, 0, 4;
    %cmp/u;
    %jmp/1 T_19.13, 6;
    %dup/vec4;
    %pushi/vec4 14, 0, 4;
    %cmp/u;
    %jmp/1 T_19.14, 6;
    %dup/vec4;
    %pushi/vec4 15, 0, 4;
    %cmp/u;
    %jmp/1 T_19.15, 6;
    %jmp T_19.16;
T_19.0 ;
    %pushi/vec4 0, 0, 8;
    %assign/vec4 v0x600000675560_0, 0;
    %pushi/vec4 0, 0, 8;
    %assign/vec4 v0x6000006754d0_0, 0;
    %pushi/vec4 0, 0, 8;
    %assign/vec4 v0x600000675320_0, 0;
    %jmp T_19.16;
T_19.1 ;
    %pushi/vec4 128, 0, 8;
    %assign/vec4 v0x600000675560_0, 0;
    %pushi/vec4 0, 0, 8;
    %assign/vec4 v0x6000006754d0_0, 0;
    %pushi/vec4 0, 0, 8;
    %assign/vec4 v0x600000675320_0, 0;
    %jmp T_19.16;
T_19.2 ;
    %pushi/vec4 0, 0, 8;
    %assign/vec4 v0x600000675560_0, 0;
    %pushi/vec4 128, 0, 8;
    %assign/vec4 v0x6000006754d0_0, 0;
    %pushi/vec4 0, 0, 8;
    %assign/vec4 v0x600000675320_0, 0;
    %jmp T_19.16;
T_19.3 ;
    %pushi/vec4 128, 0, 8;
    %assign/vec4 v0x600000675560_0, 0;
    %pushi/vec4 128, 0, 8;
    %assign/vec4 v0x6000006754d0_0, 0;
    %pushi/vec4 0, 0, 8;
    %assign/vec4 v0x600000675320_0, 0;
    %jmp T_19.16;
T_19.4 ;
    %pushi/vec4 0, 0, 8;
    %assign/vec4 v0x600000675560_0, 0;
    %pushi/vec4 0, 0, 8;
    %assign/vec4 v0x6000006754d0_0, 0;
    %pushi/vec4 128, 0, 8;
    %assign/vec4 v0x600000675320_0, 0;
    %jmp T_19.16;
T_19.5 ;
    %pushi/vec4 128, 0, 8;
    %assign/vec4 v0x600000675560_0, 0;
    %pushi/vec4 0, 0, 8;
    %assign/vec4 v0x6000006754d0_0, 0;
    %pushi/vec4 128, 0, 8;
    %assign/vec4 v0x600000675320_0, 0;
    %jmp T_19.16;
T_19.6 ;
    %pushi/vec4 0, 0, 8;
    %assign/vec4 v0x600000675560_0, 0;
    %pushi/vec4 128, 0, 8;
    %assign/vec4 v0x6000006754d0_0, 0;
    %pushi/vec4 128, 0, 8;
    %assign/vec4 v0x600000675320_0, 0;
    %jmp T_19.16;
T_19.7 ;
    %pushi/vec4 192, 0, 8;
    %assign/vec4 v0x600000675560_0, 0;
    %pushi/vec4 192, 0, 8;
    %assign/vec4 v0x6000006754d0_0, 0;
    %pushi/vec4 192, 0, 8;
    %assign/vec4 v0x600000675320_0, 0;
    %jmp T_19.16;
T_19.8 ;
    %pushi/vec4 128, 0, 8;
    %assign/vec4 v0x600000675560_0, 0;
    %pushi/vec4 128, 0, 8;
    %assign/vec4 v0x6000006754d0_0, 0;
    %pushi/vec4 128, 0, 8;
    %assign/vec4 v0x600000675320_0, 0;
    %jmp T_19.16;
T_19.9 ;
    %pushi/vec4 255, 0, 8;
    %assign/vec4 v0x600000675560_0, 0;
    %pushi/vec4 0, 0, 8;
    %assign/vec4 v0x6000006754d0_0, 0;
    %pushi/vec4 0, 0, 8;
    %assign/vec4 v0x600000675320_0, 0;
    %jmp T_19.16;
T_19.10 ;
    %pushi/vec4 0, 0, 8;
    %assign/vec4 v0x600000675560_0, 0;
    %pushi/vec4 255, 0, 8;
    %assign/vec4 v0x6000006754d0_0, 0;
    %pushi/vec4 0, 0, 8;
    %assign/vec4 v0x600000675320_0, 0;
    %jmp T_19.16;
T_19.11 ;
    %pushi/vec4 255, 0, 8;
    %assign/vec4 v0x600000675560_0, 0;
    %pushi/vec4 255, 0, 8;
    %assign/vec4 v0x6000006754d0_0, 0;
    %pushi/vec4 0, 0, 8;
    %assign/vec4 v0x600000675320_0, 0;
    %jmp T_19.16;
T_19.12 ;
    %pushi/vec4 0, 0, 8;
    %assign/vec4 v0x600000675560_0, 0;
    %pushi/vec4 0, 0, 8;
    %assign/vec4 v0x6000006754d0_0, 0;
    %pushi/vec4 255, 0, 8;
    %assign/vec4 v0x600000675320_0, 0;
    %jmp T_19.16;
T_19.13 ;
    %pushi/vec4 255, 0, 8;
    %assign/vec4 v0x600000675560_0, 0;
    %pushi/vec4 0, 0, 8;
    %assign/vec4 v0x6000006754d0_0, 0;
    %pushi/vec4 255, 0, 8;
    %assign/vec4 v0x600000675320_0, 0;
    %jmp T_19.16;
T_19.14 ;
    %pushi/vec4 0, 0, 8;
    %assign/vec4 v0x600000675560_0, 0;
    %pushi/vec4 255, 0, 8;
    %assign/vec4 v0x6000006754d0_0, 0;
    %pushi/vec4 255, 0, 8;
    %assign/vec4 v0x600000675320_0, 0;
    %jmp T_19.16;
T_19.15 ;
    %pushi/vec4 255, 0, 8;
    %assign/vec4 v0x600000675560_0, 0;
    %pushi/vec4 255, 0, 8;
    %assign/vec4 v0x6000006754d0_0, 0;
    %pushi/vec4 255, 0, 8;
    %assign/vec4 v0x600000675320_0, 0;
    %jmp T_19.16;
T_19.16 ;
    %pop/vec4 1;
    %jmp T_19;
    .thread T_19;
    .scope S_0x14de089b0;
T_20 ;
    %wait E_0x600002164640;
    %load/vec4 v0x600000675170_0;
    %dup/vec4;
    %pushi/vec4 0, 0, 4;
    %cmp/u;
    %jmp/1 T_20.0, 6;
    %dup/vec4;
    %pushi/vec4 1, 0, 4;
    %cmp/u;
    %jmp/1 T_20.1, 6;
    %dup/vec4;
    %pushi/vec4 2, 0, 4;
    %cmp/u;
    %jmp/1 T_20.2, 6;
    %dup/vec4;
    %pushi/vec4 3, 0, 4;
    %cmp/u;
    %jmp/1 T_20.3, 6;
    %dup/vec4;
    %pushi/vec4 4, 0, 4;
    %cmp/u;
    %jmp/1 T_20.4, 6;
    %dup/vec4;
    %pushi/vec4 5, 0, 4;
    %cmp/u;
    %jmp/1 T_20.5, 6;
    %dup/vec4;
    %pushi/vec4 6, 0, 4;
    %cmp/u;
    %jmp/1 T_20.6, 6;
    %dup/vec4;
    %pushi/vec4 7, 0, 4;
    %cmp/u;
    %jmp/1 T_20.7, 6;
    %dup/vec4;
    %pushi/vec4 8, 0, 4;
    %cmp/u;
    %jmp/1 T_20.8, 6;
    %dup/vec4;
    %pushi/vec4 9, 0, 4;
    %cmp/u;
    %jmp/1 T_20.9, 6;
    %dup/vec4;
    %pushi/vec4 10, 0, 4;
    %cmp/u;
    %jmp/1 T_20.10, 6;
    %dup/vec4;
    %pushi/vec4 11, 0, 4;
    %cmp/u;
    %jmp/1 T_20.11, 6;
    %dup/vec4;
    %pushi/vec4 12, 0, 4;
    %cmp/u;
    %jmp/1 T_20.12, 6;
    %dup/vec4;
    %pushi/vec4 13, 0, 4;
    %cmp/u;
    %jmp/1 T_20.13, 6;
    %dup/vec4;
    %pushi/vec4 14, 0, 4;
    %cmp/u;
    %jmp/1 T_20.14, 6;
    %dup/vec4;
    %pushi/vec4 15, 0, 4;
    %cmp/u;
    %jmp/1 T_20.15, 6;
    %jmp T_20.16;
T_20.0 ;
    %pushi/vec4 0, 0, 8;
    %assign/vec4 v0x600000675290_0, 0;
    %pushi/vec4 0, 0, 8;
    %assign/vec4 v0x600000675200_0, 0;
    %pushi/vec4 0, 0, 8;
    %assign/vec4 v0x600000675050_0, 0;
    %jmp T_20.16;
T_20.1 ;
    %pushi/vec4 128, 0, 8;
    %assign/vec4 v0x600000675290_0, 0;
    %pushi/vec4 0, 0, 8;
    %assign/vec4 v0x600000675200_0, 0;
    %pushi/vec4 0, 0, 8;
    %assign/vec4 v0x600000675050_0, 0;
    %jmp T_20.16;
T_20.2 ;
    %pushi/vec4 0, 0, 8;
    %assign/vec4 v0x600000675290_0, 0;
    %pushi/vec4 128, 0, 8;
    %assign/vec4 v0x600000675200_0, 0;
    %pushi/vec4 0, 0, 8;
    %assign/vec4 v0x600000675050_0, 0;
    %jmp T_20.16;
T_20.3 ;
    %pushi/vec4 128, 0, 8;
    %assign/vec4 v0x600000675290_0, 0;
    %pushi/vec4 128, 0, 8;
    %assign/vec4 v0x600000675200_0, 0;
    %pushi/vec4 0, 0, 8;
    %assign/vec4 v0x600000675050_0, 0;
    %jmp T_20.16;
T_20.4 ;
    %pushi/vec4 0, 0, 8;
    %assign/vec4 v0x600000675290_0, 0;
    %pushi/vec4 0, 0, 8;
    %assign/vec4 v0x600000675200_0, 0;
    %pushi/vec4 128, 0, 8;
    %assign/vec4 v0x600000675050_0, 0;
    %jmp T_20.16;
T_20.5 ;
    %pushi/vec4 128, 0, 8;
    %assign/vec4 v0x600000675290_0, 0;
    %pushi/vec4 0, 0, 8;
    %assign/vec4 v0x600000675200_0, 0;
    %pushi/vec4 128, 0, 8;
    %assign/vec4 v0x600000675050_0, 0;
    %jmp T_20.16;
T_20.6 ;
    %pushi/vec4 0, 0, 8;
    %assign/vec4 v0x600000675290_0, 0;
    %pushi/vec4 128, 0, 8;
    %assign/vec4 v0x600000675200_0, 0;
    %pushi/vec4 128, 0, 8;
    %assign/vec4 v0x600000675050_0, 0;
    %jmp T_20.16;
T_20.7 ;
    %pushi/vec4 192, 0, 8;
    %assign/vec4 v0x600000675290_0, 0;
    %pushi/vec4 192, 0, 8;
    %assign/vec4 v0x600000675200_0, 0;
    %pushi/vec4 192, 0, 8;
    %assign/vec4 v0x600000675050_0, 0;
    %jmp T_20.16;
T_20.8 ;
    %pushi/vec4 128, 0, 8;
    %assign/vec4 v0x600000675290_0, 0;
    %pushi/vec4 128, 0, 8;
    %assign/vec4 v0x600000675200_0, 0;
    %pushi/vec4 128, 0, 8;
    %assign/vec4 v0x600000675050_0, 0;
    %jmp T_20.16;
T_20.9 ;
    %pushi/vec4 255, 0, 8;
    %assign/vec4 v0x600000675290_0, 0;
    %pushi/vec4 0, 0, 8;
    %assign/vec4 v0x600000675200_0, 0;
    %pushi/vec4 0, 0, 8;
    %assign/vec4 v0x600000675050_0, 0;
    %jmp T_20.16;
T_20.10 ;
    %pushi/vec4 0, 0, 8;
    %assign/vec4 v0x600000675290_0, 0;
    %pushi/vec4 255, 0, 8;
    %assign/vec4 v0x600000675200_0, 0;
    %pushi/vec4 0, 0, 8;
    %assign/vec4 v0x600000675050_0, 0;
    %jmp T_20.16;
T_20.11 ;
    %pushi/vec4 255, 0, 8;
    %assign/vec4 v0x600000675290_0, 0;
    %pushi/vec4 255, 0, 8;
    %assign/vec4 v0x600000675200_0, 0;
    %pushi/vec4 0, 0, 8;
    %assign/vec4 v0x600000675050_0, 0;
    %jmp T_20.16;
T_20.12 ;
    %pushi/vec4 0, 0, 8;
    %assign/vec4 v0x600000675290_0, 0;
    %pushi/vec4 0, 0, 8;
    %assign/vec4 v0x600000675200_0, 0;
    %pushi/vec4 255, 0, 8;
    %assign/vec4 v0x600000675050_0, 0;
    %jmp T_20.16;
T_20.13 ;
    %pushi/vec4 255, 0, 8;
    %assign/vec4 v0x600000675290_0, 0;
    %pushi/vec4 0, 0, 8;
    %assign/vec4 v0x600000675200_0, 0;
    %pushi/vec4 255, 0, 8;
    %assign/vec4 v0x600000675050_0, 0;
    %jmp T_20.16;
T_20.14 ;
    %pushi/vec4 0, 0, 8;
    %assign/vec4 v0x600000675290_0, 0;
    %pushi/vec4 255, 0, 8;
    %assign/vec4 v0x600000675200_0, 0;
    %pushi/vec4 255, 0, 8;
    %assign/vec4 v0x600000675050_0, 0;
    %jmp T_20.16;
T_20.15 ;
    %pushi/vec4 255, 0, 8;
    %assign/vec4 v0x600000675290_0, 0;
    %pushi/vec4 255, 0, 8;
    %assign/vec4 v0x600000675200_0, 0;
    %pushi/vec4 255, 0, 8;
    %assign/vec4 v0x600000675050_0, 0;
    %jmp T_20.16;
T_20.16 ;
    %pop/vec4 1;
    %jmp T_20;
    .thread T_20;
    .scope S_0x14de0b090;
T_21 ;
Ewait_0 .event/or E_0x6000021646c0, E_0x0;
    %wait Ewait_0;
    %load/vec4 v0x600000676010_0;
    %load/vec4 v0x600000675dd0_0;
    %concat/vec4; draw_concat_vec4
    %load/vec4 v0x600000675950_0;
    %concat/vec4; draw_concat_vec4
    %dup/vec4;
    %pushi/vec4 0, 3, 3;
    %cmp/u;
    %jmp/1 T_21.0, 6;
    %dup/vec4;
    %pushi/vec4 6, 0, 3;
    %cmp/u;
    %jmp/1 T_21.1, 6;
    %dup/vec4;
    %pushi/vec4 7, 0, 3;
    %cmp/u;
    %jmp/1 T_21.2, 6;
    %dup/vec4;
    %pushi/vec4 4, 0, 3;
    %cmp/u;
    %jmp/1 T_21.3, 6;
    %dup/vec4;
    %pushi/vec4 5, 0, 3;
    %cmp/u;
    %jmp/1 T_21.4, 6;
    %jmp T_21.5;
T_21.0 ;
    %pushi/vec4 0, 0, 8;
    %store/vec4 v0x600000675ef0_0, 0, 8;
    %pushi/vec4 0, 0, 8;
    %store/vec4 v0x600000675d40_0, 0, 8;
    %pushi/vec4 0, 0, 8;
    %store/vec4 v0x6000006759e0_0, 0, 8;
    %jmp T_21.5;
T_21.1 ;
    %load/vec4 v0x600000675c20_0;
    %store/vec4 v0x600000675ef0_0, 0, 8;
    %load/vec4 v0x600000675b90_0;
    %store/vec4 v0x600000675d40_0, 0, 8;
    %load/vec4 v0x600000675b00_0;
    %store/vec4 v0x6000006759e0_0, 0, 8;
    %jmp T_21.5;
T_21.2 ;
    %load/vec4 v0x6000006758c0_0;
    %store/vec4 v0x600000675ef0_0, 0, 8;
    %load/vec4 v0x600000675830_0;
    %store/vec4 v0x600000675d40_0, 0, 8;
    %load/vec4 v0x6000006757a0_0;
    %store/vec4 v0x6000006759e0_0, 0, 8;
    %jmp T_21.5;
T_21.3 ;
    %load/vec4 v0x6000006758c0_0;
    %store/vec4 v0x600000675ef0_0, 0, 8;
    %load/vec4 v0x600000675830_0;
    %store/vec4 v0x600000675d40_0, 0, 8;
    %load/vec4 v0x6000006757a0_0;
    %store/vec4 v0x6000006759e0_0, 0, 8;
    %jmp T_21.5;
T_21.4 ;
    %load/vec4 v0x600000675c20_0;
    %store/vec4 v0x600000675ef0_0, 0, 8;
    %load/vec4 v0x600000675b90_0;
    %store/vec4 v0x600000675d40_0, 0, 8;
    %load/vec4 v0x600000675b00_0;
    %store/vec4 v0x6000006759e0_0, 0, 8;
    %jmp T_21.5;
T_21.5 ;
    %pop/vec4 1;
    %jmp T_21;
    .thread T_21, $push;
    .scope S_0x14de0b090;
T_22 ;
    %wait E_0x600002164640;
    %load/vec4 v0x600000675f80_0;
    %flag_set/vec4 8;
    %jmp/0xz  T_22.0, 8;
    %pushi/vec4 0, 0, 1;
    %assign/vec4 v0x600000676010_0, 0;
    %pushi/vec4 0, 0, 1;
    %assign/vec4 v0x600000675dd0_0, 0;
    %pushi/vec4 0, 0, 1;
    %assign/vec4 v0x600000675950_0, 0;
    %jmp T_22.1;
T_22.0 ;
    %load/vec4 v0x6000006760a0_0;
    %assign/vec4 v0x600000676010_0, 0;
    %load/vec4 v0x600000675e60_0;
    %assign/vec4 v0x600000675dd0_0, 0;
    %load/vec4 v0x600000675cb0_0;
    %parti/s 1, 0, 2;
    %load/vec4 v0x600000675710_0;
    %parti/s 1, 7, 4;
    %and;
    %assign/vec4 v0x600000675950_0, 0;
T_22.1 ;
    %jmp T_22;
    .thread T_22;
    .scope S_0x14de25450;
T_23 ;
    %delay 5000, 0;
    %load/vec4 v0x60000067c750_0;
    %nor/r;
    %store/vec4 v0x60000067c750_0, 0, 1;
    %jmp T_23;
    .thread T_23;
    .scope S_0x14de25450;
T_24 ;
    %vpi_call/w 3 29 "$dumpfile", "vcd/video_controller.vcd" {0 0 0};
    %vpi_call/w 3 30 "$dumpvars", 32'sb00000000000000000000000000000000, S_0x14de25450 {0 0 0};
    %vpi_call/w 3 31 "$display", "Starting simulation..." {0 0 0};
    %pushi/vec4 0, 0, 1;
    %store/vec4 v0x60000067c750_0, 0, 1;
    %pushi/vec4 0, 0, 1;
    %store/vec4 v0x60000067c870_0, 0, 1;
    %delay 10000, 0;
    %pushi/vec4 1, 0, 1;
    %store/vec4 v0x60000067c870_0, 0, 1;
    %delay 10000, 0;
    %pushi/vec4 0, 0, 1;
    %store/vec4 v0x60000067c870_0, 0, 1;
    %delay 115108112, 3;
    %vpi_call/w 3 39 "$display", "Finishing simulation..." {0 0 0};
    %vpi_call/w 3 40 "$finish" {0 0 0};
    %end;
    .thread T_24;
# The file index is used to find the file name in the following table.
:file_names 12;
    "N/A";
    "<interactive>";
    "-";
    "sim/video_controller_tb.sv";
    "hdl/video_controller.sv";
    "hdl/pipeline.sv";
    "hdl/attribute_brom.sv";
    "hdl/font_brom.sv";
    "hdl/xilinx_single_port_ram_read_first.v";
    "hdl/video_bram.sv";
    "hdl/xilinx_true_dual_port_read_first_2_clock_ram.v";
    "hdl/video_sig_gen.sv";
